2017-09-01 15:07:26,765 INFO /home/user/workspace/noora/src/plugins/static/drop/scm/drop_schemas.sql
2017-09-01 15:07:26,765 INFO "/home/user/workspace/noora/src/plugins/static/drop/scm/drop_schemas.sql"

2017-09-01 15:07:26,901 INFO /home/user/workspace/noora/src/plugins/static/drop/vw/drop_views.sql
2017-09-01 15:07:26,902 INFO "/home/user/workspace/noora/src/plugins/static/drop/vw/drop_views.sql"

2017-09-01 15:07:27,024 INFO /home/user/workspace/noora/src/plugins/static/drop/syn/drop_synonyms.sql
2017-09-01 15:07:27,024 INFO "/home/user/workspace/noora/src/plugins/static/drop/syn/drop_synonyms.sql"

2017-09-01 15:07:27,145 INFO /home/user/workspace/noora/src/plugins/static/drop/trg/drop_triggers.sql
2017-09-01 15:07:27,146 INFO "/home/user/workspace/noora/src/plugins/static/drop/trg/drop_triggers.sql"

2017-09-01 15:07:27,265 INFO /home/user/workspace/noora/src/plugins/static/drop/typ/drop_types.sql
2017-09-01 15:07:27,265 INFO "/home/user/workspace/noora/src/plugins/static/drop/typ/drop_types.sql"

2017-09-01 15:07:27,960 INFO /home/user/workspace/noora/src/plugins/static/drop/tab/drop_foreign_keys.sql
2017-09-01 15:07:27,961 INFO "/home/user/workspace/noora/src/plugins/static/drop/tab/drop_foreign_keys.sql"

2017-09-01 15:07:28,092 INFO /home/user/workspace/noora/src/plugins/static/drop/prc/drop_procedures.sql
2017-09-01 15:07:28,092 INFO "/home/user/workspace/noora/src/plugins/static/drop/prc/drop_procedures.sql"

2017-09-01 15:07:28,207 INFO /home/user/workspace/noora/src/plugins/static/drop/fct/drop_functions.sql
2017-09-01 15:07:28,208 INFO "/home/user/workspace/noora/src/plugins/static/drop/fct/drop_functions.sql"

2017-09-01 15:07:28,328 INFO /home/user/workspace/noora/src/plugins/static/drop/pkg/drop_packages.sql
2017-09-01 15:07:28,328 INFO "/home/user/workspace/noora/src/plugins/static/drop/pkg/drop_packages.sql"

2017-09-01 15:07:28,484 INFO /home/user/workspace/noora/src/plugins/static/drop/jar/drop_jars.sql
2017-09-01 15:07:28,484 INFO "/home/user/workspace/noora/src/plugins/static/drop/jar/drop_jars.sql"

2017-09-01 15:07:28,600 INFO /home/user/workspace/noora/src/plugins/static/drop/seq/drop_sequences.sql
2017-09-01 15:07:28,601 INFO "/home/user/workspace/noora/src/plugins/static/drop/seq/drop_sequences.sql"

2017-09-01 15:07:28,889 INFO /home/user/workspace/noora/src/plugins/static/drop/idx/drop_indexes.sql
2017-09-01 15:07:28,889 INFO "/home/user/workspace/noora/src/plugins/static/drop/idx/drop_indexes.sql"

2017-09-01 15:07:29,005 INFO /home/user/workspace/noora/src/plugins/static/drop/dbl/drop_database_links.sql
2017-09-01 15:07:29,005 INFO "/home/user/workspace/noora/src/plugins/static/drop/dbl/drop_database_links.sql"

2017-09-01 15:07:29,792 INFO /home/user/workspace/noora/src/examples/ut_run/create/apps/ddl/pkg/ut_assert.pkb
2017-09-01 15:07:29,792 INFO "/home/user/workspace/noora/src/examples/ut_run/create/apps/ddl/pkg/ut_assert.pkb"

Warning: Package Body created with compilation errors.


2017-09-01 15:07:29,871 INFO /home/user/workspace/noora/src/examples/ut_run/create/apps/ddl/pkg/ut_assert.pkh
2017-09-01 15:07:29,871 INFO "/home/user/workspace/noora/src/examples/ut_run/create/apps/ddl/pkg/ut_assert.pkh"

2017-09-01 15:07:29,955 INFO /home/user/workspace/noora/src/examples/ut_run/create/apps/ddl/pkg/ut_run.pkb
2017-09-01 15:07:29,955 INFO "/home/user/workspace/noora/src/examples/ut_run/create/apps/ddl/pkg/ut_run.pkb"

Warning: Package Body created with compilation errors.


2017-09-01 15:07:30,059 INFO /home/user/workspace/noora/src/examples/ut_run/create/apps/ddl/pkg/ut_run.pkh
2017-09-01 15:07:30,060 INFO "/home/user/workspace/noora/src/examples/ut_run/create/apps/ddl/pkg/ut_run.pkh"

2017-09-01 15:07:30,131 INFO /home/user/workspace/noora/src/examples/ut_run/create/apps/dat/version.sql
2017-09-01 15:07:30,131 INFO "/home/user/workspace/noora/src/examples/ut_run/create/apps/dat/version.sql"

2017-09-01 15:07:30,203 INFO /home/user/workspace/noora/src/examples/ut_run/create/apps/dat/dev/environment.sql
2017-09-01 15:07:30,203 INFO "/home/user/workspace/noora/src/examples/ut_run/create/apps/dat/dev/environment.sql"

2017-09-01 15:07:30,281 INFO /home/user/workspace/noora/src/plugins/static/update/checkversion.sql
2017-09-01 15:07:30,281 INFO "/home/user/workspace/noora/src/plugins/static/update/checkversion.sql"
old  11:     &3
new  11:     select value into l_value from application_properties where name='application.version';
old  23:   if nvl(database_version,100)<>&expected_version then
new  23:   if nvl(database_version,100)<>to_char('1.0.0') then

2017-09-01 15:07:30,353 INFO /home/user/workspace/noora/src/plugins/static/update/checkenvironment.sql
2017-09-01 15:07:30,353 INFO "/home/user/workspace/noora/src/plugins/static/update/checkenvironment.sql"
old  11:     &3
new  11:     select value into l_value from application_properties where name='application.environment';
old  23:   if nvl(database_environment,'dev')<>'&expected_environment' then
new  23:   if nvl(database_environment,'dev')<>'dev' then

2017-09-01 15:07:30,425 INFO /home/user/workspace/noora/src/examples/ut_run/alter/1.0.1/apps/dat/version.sql
2017-09-01 15:07:30,426 INFO "/home/user/workspace/noora/src/examples/ut_run/alter/1.0.1/apps/dat/version.sql"

2017-09-01 15:07:30,627 INFO /home/user/workspace/noora/src/scripts/recompile.sql
2017-09-01 15:07:30,628 INFO "/home/user/workspace/noora/src/scripts/recompile.sql"

2017-09-01 15:14:11,655 INFO /home/user/workspace/noora/src/plugins/static/drop/scm/drop_schemas.sql
2017-09-01 15:14:11,655 INFO "/home/user/workspace/noora/src/plugins/static/drop/scm/drop_schemas.sql"

2017-09-01 15:14:11,752 INFO /home/user/workspace/noora/src/plugins/static/drop/vw/drop_views.sql
2017-09-01 15:14:11,752 INFO "/home/user/workspace/noora/src/plugins/static/drop/vw/drop_views.sql"

2017-09-01 15:14:11,844 INFO /home/user/workspace/noora/src/plugins/static/drop/syn/drop_synonyms.sql
2017-09-01 15:14:11,844 INFO "/home/user/workspace/noora/src/plugins/static/drop/syn/drop_synonyms.sql"

2017-09-01 15:14:11,973 INFO /home/user/workspace/noora/src/plugins/static/drop/trg/drop_triggers.sql
2017-09-01 15:14:11,974 INFO "/home/user/workspace/noora/src/plugins/static/drop/trg/drop_triggers.sql"
DROP TRIGGER "APPLICATION_PROPERTIES_BIU"                                       

2017-09-01 15:14:12,066 INFO /home/user/workspace/noora/src/plugins/static/drop/typ/drop_types.sql
2017-09-01 15:14:12,067 INFO "/home/user/workspace/noora/src/plugins/static/drop/typ/drop_types.sql"

2017-09-01 15:14:12,237 INFO /home/user/workspace/noora/src/plugins/static/drop/tab/drop_foreign_keys.sql
2017-09-01 15:14:12,238 INFO "/home/user/workspace/noora/src/plugins/static/drop/tab/drop_foreign_keys.sql"
DROP TABLE "APPLICATION_PROPERTIES" cascade constraints purge                   

2017-09-01 15:14:12,331 INFO /home/user/workspace/noora/src/plugins/static/drop/prc/drop_procedures.sql
2017-09-01 15:14:12,331 INFO "/home/user/workspace/noora/src/plugins/static/drop/prc/drop_procedures.sql"

2017-09-01 15:14:12,425 INFO /home/user/workspace/noora/src/plugins/static/drop/fct/drop_functions.sql
2017-09-01 15:14:12,425 INFO "/home/user/workspace/noora/src/plugins/static/drop/fct/drop_functions.sql"

2017-09-01 15:14:12,602 INFO /home/user/workspace/noora/src/plugins/static/drop/pkg/drop_packages.sql
2017-09-01 15:14:12,603 INFO "/home/user/workspace/noora/src/plugins/static/drop/pkg/drop_packages.sql"

2017-09-01 15:14:12,719 INFO /home/user/workspace/noora/src/plugins/static/drop/jar/drop_jars.sql
2017-09-01 15:14:12,720 INFO "/home/user/workspace/noora/src/plugins/static/drop/jar/drop_jars.sql"

2017-09-01 15:14:12,824 INFO /home/user/workspace/noora/src/plugins/static/drop/seq/drop_sequences.sql
2017-09-01 15:14:12,824 INFO "/home/user/workspace/noora/src/plugins/static/drop/seq/drop_sequences.sql"

2017-09-01 15:14:12,931 INFO /home/user/workspace/noora/src/plugins/static/drop/idx/drop_indexes.sql
2017-09-01 15:14:12,932 INFO "/home/user/workspace/noora/src/plugins/static/drop/idx/drop_indexes.sql"

2017-09-01 15:14:13,027 INFO /home/user/workspace/noora/src/plugins/static/drop/dbl/drop_database_links.sql
2017-09-01 15:14:13,027 INFO "/home/user/workspace/noora/src/plugins/static/drop/dbl/drop_database_links.sql"

2017-09-01 15:14:13,768 INFO /home/user/workspace/noora/src/examples/ut_run/create/apps/ddl/pkg/ut_assert.pkb
2017-09-01 15:14:13,768 INFO "/home/user/workspace/noora/src/examples/ut_run/create/apps/ddl/pkg/ut_assert.pkb"

Warning: Package Body created with compilation errors.


2017-09-01 15:14:13,849 INFO /home/user/workspace/noora/src/examples/ut_run/create/apps/ddl/pkg/ut_assert.pkh
2017-09-01 15:14:13,849 INFO "/home/user/workspace/noora/src/examples/ut_run/create/apps/ddl/pkg/ut_assert.pkh"

2017-09-01 15:14:13,931 INFO /home/user/workspace/noora/src/examples/ut_run/create/apps/ddl/pkg/ut_run.pkb
2017-09-01 15:14:13,931 INFO "/home/user/workspace/noora/src/examples/ut_run/create/apps/ddl/pkg/ut_run.pkb"

Warning: Package Body created with compilation errors.


2017-09-01 15:14:14,027 INFO /home/user/workspace/noora/src/examples/ut_run/create/apps/ddl/pkg/ut_run.pkh
2017-09-01 15:14:14,028 INFO "/home/user/workspace/noora/src/examples/ut_run/create/apps/ddl/pkg/ut_run.pkh"

2017-09-01 15:14:14,100 INFO /home/user/workspace/noora/src/examples/ut_run/create/apps/dat/version.sql
2017-09-01 15:14:14,100 INFO "/home/user/workspace/noora/src/examples/ut_run/create/apps/dat/version.sql"

2017-09-01 15:14:14,168 INFO /home/user/workspace/noora/src/examples/ut_run/create/apps/dat/dev/environment.sql
2017-09-01 15:14:14,169 INFO "/home/user/workspace/noora/src/examples/ut_run/create/apps/dat/dev/environment.sql"

2017-09-01 15:14:14,245 INFO /home/user/workspace/noora/src/plugins/static/update/checkversion.sql
2017-09-01 15:14:14,245 INFO "/home/user/workspace/noora/src/plugins/static/update/checkversion.sql"
old  11:     &3
new  11:     select value into l_value from application_properties where name='application.version';
old  23:   if nvl(database_version,100)<>&expected_version then
new  23:   if nvl(database_version,100)<>to_char('1.0.0') then

2017-09-01 15:14:14,316 INFO /home/user/workspace/noora/src/plugins/static/update/checkenvironment.sql
2017-09-01 15:14:14,316 INFO "/home/user/workspace/noora/src/plugins/static/update/checkenvironment.sql"
old  11:     &3
new  11:     select value into l_value from application_properties where name='application.environment';
old  23:   if nvl(database_environment,'dev')<>'&expected_environment' then
new  23:   if nvl(database_environment,'dev')<>'dev' then

2017-09-01 15:14:14,419 INFO /home/user/workspace/noora/src/examples/ut_run/alter/1.0.1/apps/ddl/pkg/ut_run.pkb
2017-09-01 15:14:14,420 INFO "/home/user/workspace/noora/src/examples/ut_run/alter/1.0.1/apps/ddl/pkg/ut_run.pkb"

Warning: Package Body created with compilation errors.


2017-09-01 15:14:14,490 INFO /home/user/workspace/noora/src/examples/ut_run/alter/1.0.1/apps/dat/version.sql
2017-09-01 15:14:14,490 INFO "/home/user/workspace/noora/src/examples/ut_run/alter/1.0.1/apps/dat/version.sql"

2017-09-01 15:14:14,659 INFO /home/user/workspace/noora/src/scripts/recompile.sql
2017-09-01 15:14:14,660 INFO "/home/user/workspace/noora/src/scripts/recompile.sql"

2017-09-01 15:16:10,349 INFO /home/user/workspace/noora/src/plugins/static/drop/scm/drop_schemas.sql
2017-09-01 15:16:10,350 INFO "/home/user/workspace/noora/src/plugins/static/drop/scm/drop_schemas.sql"

2017-09-01 15:16:10,441 INFO /home/user/workspace/noora/src/plugins/static/drop/vw/drop_views.sql
2017-09-01 15:16:10,441 INFO "/home/user/workspace/noora/src/plugins/static/drop/vw/drop_views.sql"

2017-09-01 15:16:10,533 INFO /home/user/workspace/noora/src/plugins/static/drop/syn/drop_synonyms.sql
2017-09-01 15:16:10,533 INFO "/home/user/workspace/noora/src/plugins/static/drop/syn/drop_synonyms.sql"

2017-09-01 15:16:10,642 INFO /home/user/workspace/noora/src/plugins/static/drop/trg/drop_triggers.sql
2017-09-01 15:16:10,642 INFO "/home/user/workspace/noora/src/plugins/static/drop/trg/drop_triggers.sql"
DROP TRIGGER "APPLICATION_PROPERTIES_BIU"                                       

2017-09-01 15:16:10,735 INFO /home/user/workspace/noora/src/plugins/static/drop/typ/drop_types.sql
2017-09-01 15:16:10,735 INFO "/home/user/workspace/noora/src/plugins/static/drop/typ/drop_types.sql"

2017-09-01 15:16:10,873 INFO /home/user/workspace/noora/src/plugins/static/drop/tab/drop_foreign_keys.sql
2017-09-01 15:16:10,873 INFO "/home/user/workspace/noora/src/plugins/static/drop/tab/drop_foreign_keys.sql"
DROP TABLE "APPLICATION_PROPERTIES" cascade constraints purge                   

2017-09-01 15:16:10,965 INFO /home/user/workspace/noora/src/plugins/static/drop/prc/drop_procedures.sql
2017-09-01 15:16:10,965 INFO "/home/user/workspace/noora/src/plugins/static/drop/prc/drop_procedures.sql"

2017-09-01 15:16:11,059 INFO /home/user/workspace/noora/src/plugins/static/drop/fct/drop_functions.sql
2017-09-01 15:16:11,059 INFO "/home/user/workspace/noora/src/plugins/static/drop/fct/drop_functions.sql"

2017-09-01 15:16:11,236 INFO /home/user/workspace/noora/src/plugins/static/drop/pkg/drop_packages.sql
2017-09-01 15:16:11,236 INFO "/home/user/workspace/noora/src/plugins/static/drop/pkg/drop_packages.sql"

2017-09-01 15:16:11,347 INFO /home/user/workspace/noora/src/plugins/static/drop/jar/drop_jars.sql
2017-09-01 15:16:11,347 INFO "/home/user/workspace/noora/src/plugins/static/drop/jar/drop_jars.sql"

2017-09-01 15:16:11,453 INFO /home/user/workspace/noora/src/plugins/static/drop/seq/drop_sequences.sql
2017-09-01 15:16:11,453 INFO "/home/user/workspace/noora/src/plugins/static/drop/seq/drop_sequences.sql"

2017-09-01 15:16:11,557 INFO /home/user/workspace/noora/src/plugins/static/drop/idx/drop_indexes.sql
2017-09-01 15:16:11,557 INFO "/home/user/workspace/noora/src/plugins/static/drop/idx/drop_indexes.sql"

2017-09-01 15:16:11,659 INFO /home/user/workspace/noora/src/plugins/static/drop/dbl/drop_database_links.sql
2017-09-01 15:16:11,660 INFO "/home/user/workspace/noora/src/plugins/static/drop/dbl/drop_database_links.sql"

2017-09-01 15:16:12,398 INFO /home/user/workspace/noora/src/examples/ut_run/create/apps/ddl/pkg/ut_assert.pkb
2017-09-01 15:16:12,398 INFO "/home/user/workspace/noora/src/examples/ut_run/create/apps/ddl/pkg/ut_assert.pkb"

Warning: Package Body created with compilation errors.


2017-09-01 15:16:12,479 INFO /home/user/workspace/noora/src/examples/ut_run/create/apps/ddl/pkg/ut_assert.pkh
2017-09-01 15:16:12,480 INFO "/home/user/workspace/noora/src/examples/ut_run/create/apps/ddl/pkg/ut_assert.pkh"

2017-09-01 15:16:12,558 INFO /home/user/workspace/noora/src/examples/ut_run/create/apps/ddl/pkg/ut_run.pkb
2017-09-01 15:16:12,558 INFO "/home/user/workspace/noora/src/examples/ut_run/create/apps/ddl/pkg/ut_run.pkb"

Warning: Package Body created with compilation errors.


2017-09-01 15:16:12,651 INFO /home/user/workspace/noora/src/examples/ut_run/create/apps/ddl/pkg/ut_run.pkh
2017-09-01 15:16:12,651 INFO "/home/user/workspace/noora/src/examples/ut_run/create/apps/ddl/pkg/ut_run.pkh"

2017-09-01 15:16:12,725 INFO /home/user/workspace/noora/src/examples/ut_run/create/apps/dat/version.sql
2017-09-01 15:16:12,725 INFO "/home/user/workspace/noora/src/examples/ut_run/create/apps/dat/version.sql"

2017-09-01 15:16:12,794 INFO /home/user/workspace/noora/src/examples/ut_run/create/apps/dat/dev/environment.sql
2017-09-01 15:16:12,795 INFO "/home/user/workspace/noora/src/examples/ut_run/create/apps/dat/dev/environment.sql"

2017-09-01 15:16:12,876 INFO /home/user/workspace/noora/src/plugins/static/update/checkversion.sql
2017-09-01 15:16:12,876 INFO "/home/user/workspace/noora/src/plugins/static/update/checkversion.sql"
old  11:     &3
new  11:     select value into l_value from application_properties where name='application.version';
old  23:   if nvl(database_version,100)<>&expected_version then
new  23:   if nvl(database_version,100)<>to_char('1.0.0') then

2017-09-01 15:16:12,949 INFO /home/user/workspace/noora/src/plugins/static/update/checkenvironment.sql
2017-09-01 15:16:12,949 INFO "/home/user/workspace/noora/src/plugins/static/update/checkenvironment.sql"
old  11:     &3
new  11:     select value into l_value from application_properties where name='application.environment';
old  23:   if nvl(database_environment,'dev')<>'&expected_environment' then
new  23:   if nvl(database_environment,'dev')<>'dev' then

2017-09-01 15:16:13,072 INFO /home/user/workspace/noora/src/examples/ut_run/alter/1.0.1/apps/ddl/pkg/ut_run.pkb
2017-09-01 15:16:13,072 INFO "/home/user/workspace/noora/src/examples/ut_run/alter/1.0.1/apps/ddl/pkg/ut_run.pkb"

2017-09-01 15:16:13,149 INFO /home/user/workspace/noora/src/examples/ut_run/alter/1.0.1/apps/dat/version.sql
2017-09-01 15:16:13,149 INFO "/home/user/workspace/noora/src/examples/ut_run/alter/1.0.1/apps/dat/version.sql"

2017-09-01 15:16:13,311 INFO /home/user/workspace/noora/src/scripts/recompile.sql
2017-09-01 15:16:13,311 INFO "/home/user/workspace/noora/src/scripts/recompile.sql"

