2015-11-13 12:04:04,411 INFO /home/jan/workspace/noora-sourceforge/noora/src/plugins/static/drop/scm/drop_schemas.sql
2015-11-13 12:04:04,411 INFO "/home/jan/workspace/noora-sourceforge/noora/src/plugins/static/drop/scm/drop_schemas.sql"

2015-11-13 12:04:04,504 INFO /home/jan/workspace/noora-sourceforge/noora/src/plugins/static/drop/vw/drop_views.sql
2015-11-13 12:04:04,505 INFO "/home/jan/workspace/noora-sourceforge/noora/src/plugins/static/drop/vw/drop_views.sql"

2015-11-13 12:04:04,581 INFO /home/jan/workspace/noora-sourceforge/noora/src/plugins/static/drop/syn/drop_synonyms.sql
2015-11-13 12:04:04,581 INFO "/home/jan/workspace/noora-sourceforge/noora/src/plugins/static/drop/syn/drop_synonyms.sql"

2015-11-13 12:04:04,863 INFO /home/jan/workspace/noora-sourceforge/noora/src/plugins/static/drop/trg/drop_triggers.sql
2015-11-13 12:04:04,863 INFO "/home/jan/workspace/noora-sourceforge/noora/src/plugins/static/drop/trg/drop_triggers.sql"
DROP TRIGGER "APPLICATION_PROPERTIES_BIU"                                       
DROP TRIGGER "LOG_BIU"                                                          
DROP TRIGGER "FILES_BIU"                                                        
DROP TRIGGER "STAGE_ERROR_BIU"                                                  

2015-11-13 12:04:04,938 INFO /home/jan/workspace/noora-sourceforge/noora/src/plugins/static/drop/typ/drop_types.sql
2015-11-13 12:04:04,938 INFO "/home/jan/workspace/noora-sourceforge/noora/src/plugins/static/drop/typ/drop_types.sql"

2015-11-13 12:04:05,578 INFO /home/jan/workspace/noora-sourceforge/noora/src/plugins/static/drop/tab/drop_tables.sql
2015-11-13 12:04:05,578 INFO "/home/jan/workspace/noora-sourceforge/noora/src/plugins/static/drop/tab/drop_tables.sql"
DROP TABLE "STAGE_RESULT" cascade constraints purge                             
DROP TABLE "STAGE_ERROR" cascade constraints purge                              
DROP TABLE "PRODUCTS_STAGE_ERR" cascade constraints purge                       
DROP TABLE "PRODUCTS_STAGE" cascade constraints purge                           
DROP TABLE "LOG" cascade constraints purge                                      
DROP TABLE "FILES_ERR" cascade constraints purge                                
DROP TABLE "FILES" cascade constraints purge                                    
DROP TABLE "APPLICATION_PROPERTIES" cascade constraints purge                   

2015-11-13 12:04:05,654 INFO /home/jan/workspace/noora-sourceforge/noora/src/plugins/static/drop/prc/drop_procedures.sql
2015-11-13 12:04:05,654 INFO "/home/jan/workspace/noora-sourceforge/noora/src/plugins/static/drop/prc/drop_procedures.sql"

2015-11-13 12:04:05,733 INFO /home/jan/workspace/noora-sourceforge/noora/src/plugins/static/drop/fct/drop_functions.sql
2015-11-13 12:04:05,733 INFO "/home/jan/workspace/noora-sourceforge/noora/src/plugins/static/drop/fct/drop_functions.sql"

2015-11-13 12:04:06,012 INFO /home/jan/workspace/noora-sourceforge/noora/src/plugins/static/drop/pkg/drop_packages.sql
2015-11-13 12:04:06,012 INFO "/home/jan/workspace/noora-sourceforge/noora/src/plugins/static/drop/pkg/drop_packages.sql"

2015-11-13 12:04:06,107 INFO /home/jan/workspace/noora-sourceforge/noora/src/plugins/static/drop/jar/drop_jars.sql
2015-11-13 12:04:06,108 INFO "/home/jan/workspace/noora-sourceforge/noora/src/plugins/static/drop/jar/drop_jars.sql"

2015-11-13 12:04:06,203 INFO /home/jan/workspace/noora-sourceforge/noora/src/plugins/static/drop/seq/drop_sequences.sql
2015-11-13 12:04:06,203 INFO "/home/jan/workspace/noora-sourceforge/noora/src/plugins/static/drop/seq/drop_sequences.sql"

2015-11-13 12:04:06,394 INFO /home/jan/workspace/noora-sourceforge/noora/src/plugins/static/drop/idx/drop_indexes.sql
2015-11-13 12:04:06,394 INFO "/home/jan/workspace/noora-sourceforge/noora/src/plugins/static/drop/idx/drop_indexes.sql"

2015-11-13 12:04:06,473 INFO /home/jan/workspace/noora-sourceforge/noora/src/plugins/static/drop/dbl/drop_database_links.sql
2015-11-13 12:04:06,473 INFO "/home/jan/workspace/noora-sourceforge/noora/src/plugins/static/drop/dbl/drop_database_links.sql"

2015-11-13 12:04:07,923 INFO /home/jan/workspace/noora-sourceforge/noora/src/examples/register/create/apps/ddl/seq/files_s.sql
2015-11-13 12:04:07,923 INFO "/home/jan/workspace/noora-sourceforge/noora/src/examples/register/create/apps/ddl/seq/files_s.sql"

2015-11-13 12:04:08,081 INFO /home/jan/workspace/noora-sourceforge/noora/src/examples/register/create/apps/ddl/tab/files.tab
2015-11-13 12:04:08,081 INFO "/home/jan/workspace/noora-sourceforge/noora/src/examples/register/create/apps/ddl/tab/files.tab"

2015-11-13 12:04:08,165 INFO /home/jan/workspace/noora-sourceforge/noora/src/examples/register/create/apps/ddl/tab/files_err.sql
2015-11-13 12:04:08,165 INFO "/home/jan/workspace/noora-sourceforge/noora/src/examples/register/create/apps/ddl/tab/files_err.sql"

2015-11-13 12:04:08,218 INFO /home/jan/workspace/noora-sourceforge/noora/src/examples/register/create/apps/ddl/pkg/register.pkb
2015-11-13 12:04:08,218 INFO "/home/jan/workspace/noora-sourceforge/noora/src/examples/register/create/apps/ddl/pkg/register.pkb"

Warning: Package Body created with compilation errors.


2015-11-13 12:04:08,286 INFO /home/jan/workspace/noora-sourceforge/noora/src/examples/register/create/apps/ddl/pkg/register.pkh
2015-11-13 12:04:08,286 INFO "/home/jan/workspace/noora-sourceforge/noora/src/examples/register/create/apps/ddl/pkg/register.pkh"

2015-11-13 12:04:08,344 INFO /home/jan/workspace/noora-sourceforge/noora/src/examples/register/create/apps/ddl/trg/files_biu.trg
2015-11-13 12:04:08,344 INFO "/home/jan/workspace/noora-sourceforge/noora/src/examples/register/create/apps/ddl/trg/files_biu.trg"

2015-11-13 12:04:08,412 INFO /home/jan/workspace/noora-sourceforge/noora/src/examples/register/create/apps/ddl/idx/file.sql
2015-11-13 12:04:08,412 INFO "/home/jan/workspace/noora-sourceforge/noora/src/examples/register/create/apps/ddl/idx/file.sql"

2015-11-13 12:04:08,465 INFO /home/jan/workspace/noora-sourceforge/noora/src/examples/register/create/apps/dat/version.sql
2015-11-13 12:04:08,466 INFO "/home/jan/workspace/noora-sourceforge/noora/src/examples/register/create/apps/dat/version.sql"

2015-11-13 12:04:08,518 INFO /home/jan/workspace/noora-sourceforge/noora/src/examples/register/create/apps/dat/dev/environment.sql
2015-11-13 12:04:08,519 INFO "/home/jan/workspace/noora-sourceforge/noora/src/examples/register/create/apps/dat/dev/environment.sql"

2015-11-13 12:04:08,570 INFO /home/jan/workspace/noora-sourceforge/noora/src/examples/register/create/apps/dat/dev/loglevel.sql
2015-11-13 12:04:08,570 INFO "/home/jan/workspace/noora-sourceforge/noora/src/examples/register/create/apps/dat/dev/loglevel.sql"

2015-11-13 12:04:08,624 INFO /home/jan/workspace/noora-sourceforge/noora/src/plugins/static/update/checkversion.sql
2015-11-13 12:04:08,624 INFO "/home/jan/workspace/noora-sourceforge/noora/src/plugins/static/update/checkversion.sql"
old  11:     &3
new  11:     select value into l_value from application_properties where name='application.version';
old  23:   if nvl(database_version,100)<>&expected_version then
new  23:   if nvl(database_version,100)<>to_char('1.0.0') then

2015-11-13 12:04:08,672 INFO /home/jan/workspace/noora-sourceforge/noora/src/plugins/static/update/checkenvironment.sql
2015-11-13 12:04:08,672 INFO "/home/jan/workspace/noora-sourceforge/noora/src/plugins/static/update/checkenvironment.sql"
old  11:     &3
new  11:     select value into l_value from application_properties where name='application.environment';
old  23:   if nvl(database_environment,'dev')<>'&expected_environment' then
new  23:   if nvl(database_environment,'dev')<>'dev' then

2015-11-13 12:04:08,759 INFO /home/jan/workspace/noora-sourceforge/noora/src/examples/register/alter/1.0.1/apps/ddl/tab/files.tab
2015-11-13 12:04:08,760 INFO "/home/jan/workspace/noora-sourceforge/noora/src/examples/register/alter/1.0.1/apps/ddl/tab/files.tab"

2015-11-13 12:04:08,824 INFO /home/jan/workspace/noora-sourceforge/noora/src/examples/register/alter/1.0.1/apps/ddl/tab/files_err.sql
2015-11-13 12:04:08,825 INFO "/home/jan/workspace/noora-sourceforge/noora/src/examples/register/alter/1.0.1/apps/ddl/tab/files_err.sql"

2015-11-13 12:04:08,931 INFO /home/jan/workspace/noora-sourceforge/noora/src/examples/register/alter/1.0.1/apps/ddl/pkg/register.pkb
2015-11-13 12:04:08,932 INFO "/home/jan/workspace/noora-sourceforge/noora/src/examples/register/alter/1.0.1/apps/ddl/pkg/register.pkb"

2015-11-13 12:04:08,983 INFO /home/jan/workspace/noora-sourceforge/noora/src/examples/register/alter/1.0.1/apps/dat/version.sql
2015-11-13 12:04:08,984 INFO "/home/jan/workspace/noora-sourceforge/noora/src/examples/register/alter/1.0.1/apps/dat/version.sql"

2015-11-13 12:04:09,032 INFO /home/jan/workspace/noora-sourceforge/noora/src/plugins/static/update/checkversion.sql
2015-11-13 12:04:09,033 INFO "/home/jan/workspace/noora-sourceforge/noora/src/plugins/static/update/checkversion.sql"
old  11:     &3
new  11:     select value into l_value from application_properties where name='application.version';
old  23:   if nvl(database_version,100)<>&expected_version then
new  23:   if nvl(database_version,100)<>to_char('1.0.1') then

2015-11-13 12:04:09,069 INFO /home/jan/workspace/noora-sourceforge/noora/src/plugins/static/update/checkenvironment.sql
2015-11-13 12:04:09,070 INFO "/home/jan/workspace/noora-sourceforge/noora/src/plugins/static/update/checkenvironment.sql"
old  11:     &3
new  11:     select value into l_value from application_properties where name='application.environment';
old  23:   if nvl(database_environment,'dev')<>'&expected_environment' then
new  23:   if nvl(database_environment,'dev')<>'dev' then

2015-11-13 12:04:09,138 INFO /home/jan/workspace/noora-sourceforge/noora/src/examples/register/alter/1.0.2/apps/ddl/pkg/register.pkb
2015-11-13 12:04:09,138 INFO "/home/jan/workspace/noora-sourceforge/noora/src/examples/register/alter/1.0.2/apps/ddl/pkg/register.pkb"

Warning: Package Body created with compilation errors.


2015-11-13 12:04:09,181 INFO /home/jan/workspace/noora-sourceforge/noora/src/examples/register/alter/1.0.2/apps/dat/version.sql
2015-11-13 12:04:09,181 INFO "/home/jan/workspace/noora-sourceforge/noora/src/examples/register/alter/1.0.2/apps/dat/version.sql"

2015-11-13 12:04:09,351 INFO /home/jan/workspace/noora-sourceforge/noora/src/scripts/recompile.sql
2015-11-13 12:04:09,352 INFO "/home/jan/workspace/noora-sourceforge/noora/src/scripts/recompile.sql"

2015-11-13 12:06:42,717 INFO /home/jan/workspace/noora-sourceforge/noora/src/plugins/static/drop/scm/drop_schemas.sql
2015-11-13 12:06:42,718 INFO "/home/jan/workspace/noora-sourceforge/noora/src/plugins/static/drop/scm/drop_schemas.sql"

2015-11-13 12:06:42,789 INFO /home/jan/workspace/noora-sourceforge/noora/src/plugins/static/drop/vw/drop_views.sql
2015-11-13 12:06:42,789 INFO "/home/jan/workspace/noora-sourceforge/noora/src/plugins/static/drop/vw/drop_views.sql"

2015-11-13 12:06:42,858 INFO /home/jan/workspace/noora-sourceforge/noora/src/plugins/static/drop/syn/drop_synonyms.sql
2015-11-13 12:06:42,858 INFO "/home/jan/workspace/noora-sourceforge/noora/src/plugins/static/drop/syn/drop_synonyms.sql"

2015-11-13 12:06:42,952 INFO /home/jan/workspace/noora-sourceforge/noora/src/plugins/static/drop/trg/drop_triggers.sql
2015-11-13 12:06:42,952 INFO "/home/jan/workspace/noora-sourceforge/noora/src/plugins/static/drop/trg/drop_triggers.sql"
DROP TRIGGER "APPLICATION_PROPERTIES_BIU"                                       
DROP TRIGGER "LOG_BIU"                                                          
DROP TRIGGER "FILES_BIU"                                                        

2015-11-13 12:06:43,035 INFO /home/jan/workspace/noora-sourceforge/noora/src/plugins/static/drop/typ/drop_types.sql
2015-11-13 12:06:43,035 INFO "/home/jan/workspace/noora-sourceforge/noora/src/plugins/static/drop/typ/drop_types.sql"

2015-11-13 12:06:43,628 INFO /home/jan/workspace/noora-sourceforge/noora/src/plugins/static/drop/tab/drop_tables.sql
2015-11-13 12:06:43,628 INFO "/home/jan/workspace/noora-sourceforge/noora/src/plugins/static/drop/tab/drop_tables.sql"
DROP TABLE "LOG" cascade constraints purge                                      
DROP TABLE "FILES_ERR" cascade constraints purge                                
DROP TABLE "FILES" cascade constraints purge                                    
DROP TABLE "APPLICATION_PROPERTIES" cascade constraints purge                   

2015-11-13 12:06:43,693 INFO /home/jan/workspace/noora-sourceforge/noora/src/plugins/static/drop/prc/drop_procedures.sql
2015-11-13 12:06:43,694 INFO "/home/jan/workspace/noora-sourceforge/noora/src/plugins/static/drop/prc/drop_procedures.sql"

2015-11-13 12:06:43,762 INFO /home/jan/workspace/noora-sourceforge/noora/src/plugins/static/drop/fct/drop_functions.sql
2015-11-13 12:06:43,762 INFO "/home/jan/workspace/noora-sourceforge/noora/src/plugins/static/drop/fct/drop_functions.sql"

2015-11-13 12:06:43,910 INFO /home/jan/workspace/noora-sourceforge/noora/src/plugins/static/drop/pkg/drop_packages.sql
2015-11-13 12:06:43,910 INFO "/home/jan/workspace/noora-sourceforge/noora/src/plugins/static/drop/pkg/drop_packages.sql"

2015-11-13 12:06:43,998 INFO /home/jan/workspace/noora-sourceforge/noora/src/plugins/static/drop/jar/drop_jars.sql
2015-11-13 12:06:43,999 INFO "/home/jan/workspace/noora-sourceforge/noora/src/plugins/static/drop/jar/drop_jars.sql"

2015-11-13 12:06:44,080 INFO /home/jan/workspace/noora-sourceforge/noora/src/plugins/static/drop/seq/drop_sequences.sql
2015-11-13 12:06:44,080 INFO "/home/jan/workspace/noora-sourceforge/noora/src/plugins/static/drop/seq/drop_sequences.sql"

2015-11-13 12:06:44,141 INFO /home/jan/workspace/noora-sourceforge/noora/src/plugins/static/drop/idx/drop_indexes.sql
2015-11-13 12:06:44,141 INFO "/home/jan/workspace/noora-sourceforge/noora/src/plugins/static/drop/idx/drop_indexes.sql"

2015-11-13 12:06:44,208 INFO /home/jan/workspace/noora-sourceforge/noora/src/plugins/static/drop/dbl/drop_database_links.sql
2015-11-13 12:06:44,208 INFO "/home/jan/workspace/noora-sourceforge/noora/src/plugins/static/drop/dbl/drop_database_links.sql"

2015-11-13 12:06:45,416 INFO /home/jan/workspace/noora-sourceforge/noora/src/examples/register/create/apps/ddl/seq/files_s.sql
2015-11-13 12:06:45,416 INFO "/home/jan/workspace/noora-sourceforge/noora/src/examples/register/create/apps/ddl/seq/files_s.sql"

2015-11-13 12:06:45,568 INFO /home/jan/workspace/noora-sourceforge/noora/src/examples/register/create/apps/ddl/tab/files.tab
2015-11-13 12:06:45,568 INFO "/home/jan/workspace/noora-sourceforge/noora/src/examples/register/create/apps/ddl/tab/files.tab"

2015-11-13 12:06:45,633 INFO /home/jan/workspace/noora-sourceforge/noora/src/examples/register/create/apps/ddl/tab/files_err.sql
2015-11-13 12:06:45,633 INFO "/home/jan/workspace/noora-sourceforge/noora/src/examples/register/create/apps/ddl/tab/files_err.sql"

2015-11-13 12:06:45,679 INFO /home/jan/workspace/noora-sourceforge/noora/src/examples/register/create/apps/ddl/pkg/register.pkb
2015-11-13 12:06:45,680 INFO "/home/jan/workspace/noora-sourceforge/noora/src/examples/register/create/apps/ddl/pkg/register.pkb"

Warning: Package Body created with compilation errors.


2015-11-13 12:06:45,737 INFO /home/jan/workspace/noora-sourceforge/noora/src/examples/register/create/apps/ddl/pkg/register.pkh
2015-11-13 12:06:45,738 INFO "/home/jan/workspace/noora-sourceforge/noora/src/examples/register/create/apps/ddl/pkg/register.pkh"

2015-11-13 12:06:45,790 INFO /home/jan/workspace/noora-sourceforge/noora/src/examples/register/create/apps/ddl/trg/files_biu.trg
2015-11-13 12:06:45,790 INFO "/home/jan/workspace/noora-sourceforge/noora/src/examples/register/create/apps/ddl/trg/files_biu.trg"

2015-11-13 12:06:45,854 INFO /home/jan/workspace/noora-sourceforge/noora/src/examples/register/create/apps/ddl/idx/file.sql
2015-11-13 12:06:45,855 INFO "/home/jan/workspace/noora-sourceforge/noora/src/examples/register/create/apps/ddl/idx/file.sql"

2015-11-13 12:06:45,898 INFO /home/jan/workspace/noora-sourceforge/noora/src/examples/register/create/apps/dat/version.sql
2015-11-13 12:06:45,899 INFO "/home/jan/workspace/noora-sourceforge/noora/src/examples/register/create/apps/dat/version.sql"

2015-11-13 12:06:45,944 INFO /home/jan/workspace/noora-sourceforge/noora/src/examples/register/create/apps/dat/dev/environment.sql
2015-11-13 12:06:45,944 INFO "/home/jan/workspace/noora-sourceforge/noora/src/examples/register/create/apps/dat/dev/environment.sql"

2015-11-13 12:06:45,985 INFO /home/jan/workspace/noora-sourceforge/noora/src/examples/register/create/apps/dat/dev/loglevel.sql
2015-11-13 12:06:45,986 INFO "/home/jan/workspace/noora-sourceforge/noora/src/examples/register/create/apps/dat/dev/loglevel.sql"

2015-11-13 12:06:46,033 INFO /home/jan/workspace/noora-sourceforge/noora/src/plugins/static/update/checkversion.sql
2015-11-13 12:06:46,033 INFO "/home/jan/workspace/noora-sourceforge/noora/src/plugins/static/update/checkversion.sql"
old  11:     &3
new  11:     select value into l_value from application_properties where name='application.version';
old  23:   if nvl(database_version,100)<>&expected_version then
new  23:   if nvl(database_version,100)<>to_char('1.0.0') then

2015-11-13 12:06:46,077 INFO /home/jan/workspace/noora-sourceforge/noora/src/plugins/static/update/checkenvironment.sql
2015-11-13 12:06:46,078 INFO "/home/jan/workspace/noora-sourceforge/noora/src/plugins/static/update/checkenvironment.sql"
old  11:     &3
new  11:     select value into l_value from application_properties where name='application.environment';
old  23:   if nvl(database_environment,'dev')<>'&expected_environment' then
new  23:   if nvl(database_environment,'dev')<>'dev' then

2015-11-13 12:06:46,147 INFO /home/jan/workspace/noora-sourceforge/noora/src/examples/register/alter/1.0.1/apps/ddl/tab/files.tab
2015-11-13 12:06:46,147 INFO "/home/jan/workspace/noora-sourceforge/noora/src/examples/register/alter/1.0.1/apps/ddl/tab/files.tab"

2015-11-13 12:06:46,205 INFO /home/jan/workspace/noora-sourceforge/noora/src/examples/register/alter/1.0.1/apps/ddl/tab/files_err.sql
2015-11-13 12:06:46,205 INFO "/home/jan/workspace/noora-sourceforge/noora/src/examples/register/alter/1.0.1/apps/ddl/tab/files_err.sql"

2015-11-13 12:06:46,296 INFO /home/jan/workspace/noora-sourceforge/noora/src/examples/register/alter/1.0.1/apps/ddl/pkg/register.pkb
2015-11-13 12:06:46,296 INFO "/home/jan/workspace/noora-sourceforge/noora/src/examples/register/alter/1.0.1/apps/ddl/pkg/register.pkb"

2015-11-13 12:06:46,337 INFO /home/jan/workspace/noora-sourceforge/noora/src/examples/register/alter/1.0.1/apps/dat/version.sql
2015-11-13 12:06:46,338 INFO "/home/jan/workspace/noora-sourceforge/noora/src/examples/register/alter/1.0.1/apps/dat/version.sql"

2015-11-13 12:06:46,385 INFO /home/jan/workspace/noora-sourceforge/noora/src/plugins/static/update/checkversion.sql
2015-11-13 12:06:46,385 INFO "/home/jan/workspace/noora-sourceforge/noora/src/plugins/static/update/checkversion.sql"
old  11:     &3
new  11:     select value into l_value from application_properties where name='application.version';
old  23:   if nvl(database_version,100)<>&expected_version then
new  23:   if nvl(database_version,100)<>to_char('1.0.1') then

2015-11-13 12:06:46,422 INFO /home/jan/workspace/noora-sourceforge/noora/src/plugins/static/update/checkenvironment.sql
2015-11-13 12:06:46,422 INFO "/home/jan/workspace/noora-sourceforge/noora/src/plugins/static/update/checkenvironment.sql"
old  11:     &3
new  11:     select value into l_value from application_properties where name='application.environment';
old  23:   if nvl(database_environment,'dev')<>'&expected_environment' then
new  23:   if nvl(database_environment,'dev')<>'dev' then

2015-11-13 12:06:46,483 INFO /home/jan/workspace/noora-sourceforge/noora/src/examples/register/alter/1.0.2/apps/ddl/pkg/register.pkb
2015-11-13 12:06:46,484 INFO "/home/jan/workspace/noora-sourceforge/noora/src/examples/register/alter/1.0.2/apps/ddl/pkg/register.pkb"

Warning: Package Body created with compilation errors.


2015-11-13 12:06:46,528 INFO /home/jan/workspace/noora-sourceforge/noora/src/examples/register/alter/1.0.2/apps/dat/version.sql
2015-11-13 12:06:46,528 INFO "/home/jan/workspace/noora-sourceforge/noora/src/examples/register/alter/1.0.2/apps/dat/version.sql"

2015-11-13 12:06:46,663 INFO /home/jan/workspace/noora-sourceforge/noora/src/scripts/recompile.sql
2015-11-13 12:06:46,664 INFO "/home/jan/workspace/noora-sourceforge/noora/src/scripts/recompile.sql"

2015-11-13 12:08:13,003 INFO /home/jan/workspace/noora-sourceforge/noora/src/plugins/static/drop/scm/drop_schemas.sql
2015-11-13 12:08:13,003 INFO "/home/jan/workspace/noora-sourceforge/noora/src/plugins/static/drop/scm/drop_schemas.sql"

2015-11-13 12:08:13,068 INFO /home/jan/workspace/noora-sourceforge/noora/src/plugins/static/drop/vw/drop_views.sql
2015-11-13 12:08:13,068 INFO "/home/jan/workspace/noora-sourceforge/noora/src/plugins/static/drop/vw/drop_views.sql"

2015-11-13 12:08:13,133 INFO /home/jan/workspace/noora-sourceforge/noora/src/plugins/static/drop/syn/drop_synonyms.sql
2015-11-13 12:08:13,133 INFO "/home/jan/workspace/noora-sourceforge/noora/src/plugins/static/drop/syn/drop_synonyms.sql"

2015-11-13 12:08:13,224 INFO /home/jan/workspace/noora-sourceforge/noora/src/plugins/static/drop/trg/drop_triggers.sql
2015-11-13 12:08:13,225 INFO "/home/jan/workspace/noora-sourceforge/noora/src/plugins/static/drop/trg/drop_triggers.sql"
DROP TRIGGER "FILES_BIU"                                                        
DROP TRIGGER "LOG_BIU"                                                          
DROP TRIGGER "APPLICATION_PROPERTIES_BIU"                                       

2015-11-13 12:08:13,291 INFO /home/jan/workspace/noora-sourceforge/noora/src/plugins/static/drop/typ/drop_types.sql
2015-11-13 12:08:13,291 INFO "/home/jan/workspace/noora-sourceforge/noora/src/plugins/static/drop/typ/drop_types.sql"

2015-11-13 12:08:13,814 INFO /home/jan/workspace/noora-sourceforge/noora/src/plugins/static/drop/tab/drop_tables.sql
2015-11-13 12:08:13,814 INFO "/home/jan/workspace/noora-sourceforge/noora/src/plugins/static/drop/tab/drop_tables.sql"
DROP TABLE "LOG" cascade constraints purge                                      
DROP TABLE "FILES_ERR" cascade constraints purge                                
DROP TABLE "FILES" cascade constraints purge                                    
DROP TABLE "APPLICATION_PROPERTIES" cascade constraints purge                   

2015-11-13 12:08:13,871 INFO /home/jan/workspace/noora-sourceforge/noora/src/plugins/static/drop/prc/drop_procedures.sql
2015-11-13 12:08:13,871 INFO "/home/jan/workspace/noora-sourceforge/noora/src/plugins/static/drop/prc/drop_procedures.sql"

2015-11-13 12:08:13,930 INFO /home/jan/workspace/noora-sourceforge/noora/src/plugins/static/drop/fct/drop_functions.sql
2015-11-13 12:08:13,930 INFO "/home/jan/workspace/noora-sourceforge/noora/src/plugins/static/drop/fct/drop_functions.sql"

2015-11-13 12:08:14,070 INFO /home/jan/workspace/noora-sourceforge/noora/src/plugins/static/drop/pkg/drop_packages.sql
2015-11-13 12:08:14,070 INFO "/home/jan/workspace/noora-sourceforge/noora/src/plugins/static/drop/pkg/drop_packages.sql"

2015-11-13 12:08:14,148 INFO /home/jan/workspace/noora-sourceforge/noora/src/plugins/static/drop/jar/drop_jars.sql
2015-11-13 12:08:14,148 INFO "/home/jan/workspace/noora-sourceforge/noora/src/plugins/static/drop/jar/drop_jars.sql"

2015-11-13 12:08:14,220 INFO /home/jan/workspace/noora-sourceforge/noora/src/plugins/static/drop/seq/drop_sequences.sql
2015-11-13 12:08:14,220 INFO "/home/jan/workspace/noora-sourceforge/noora/src/plugins/static/drop/seq/drop_sequences.sql"

2015-11-13 12:08:14,282 INFO /home/jan/workspace/noora-sourceforge/noora/src/plugins/static/drop/idx/drop_indexes.sql
2015-11-13 12:08:14,282 INFO "/home/jan/workspace/noora-sourceforge/noora/src/plugins/static/drop/idx/drop_indexes.sql"

2015-11-13 12:08:14,361 INFO /home/jan/workspace/noora-sourceforge/noora/src/plugins/static/drop/dbl/drop_database_links.sql
2015-11-13 12:08:14,362 INFO "/home/jan/workspace/noora-sourceforge/noora/src/plugins/static/drop/dbl/drop_database_links.sql"

2015-11-13 12:08:16,254 INFO /home/jan/workspace/noora-sourceforge/noora/src/examples/register/create/apps/ddl/seq/files_s.sql
2015-11-13 12:08:16,254 INFO "/home/jan/workspace/noora-sourceforge/noora/src/examples/register/create/apps/ddl/seq/files_s.sql"

2015-11-13 12:08:16,429 INFO /home/jan/workspace/noora-sourceforge/noora/src/examples/register/create/apps/ddl/tab/files.tab
2015-11-13 12:08:16,430 INFO "/home/jan/workspace/noora-sourceforge/noora/src/examples/register/create/apps/ddl/tab/files.tab"

2015-11-13 12:08:16,495 INFO /home/jan/workspace/noora-sourceforge/noora/src/examples/register/create/apps/ddl/tab/files_err.sql
2015-11-13 12:08:16,496 INFO "/home/jan/workspace/noora-sourceforge/noora/src/examples/register/create/apps/ddl/tab/files_err.sql"

2015-11-13 12:08:16,568 INFO /home/jan/workspace/noora-sourceforge/noora/src/examples/register/create/apps/ddl/pkg/register.pkb
2015-11-13 12:08:16,568 INFO "/home/jan/workspace/noora-sourceforge/noora/src/examples/register/create/apps/ddl/pkg/register.pkb"

Warning: Package Body created with compilation errors.


2015-11-13 12:08:16,623 INFO /home/jan/workspace/noora-sourceforge/noora/src/examples/register/create/apps/ddl/pkg/register.pkh
2015-11-13 12:08:16,623 INFO "/home/jan/workspace/noora-sourceforge/noora/src/examples/register/create/apps/ddl/pkg/register.pkh"

2015-11-13 12:08:16,778 INFO /home/jan/workspace/noora-sourceforge/noora/src/examples/register/create/apps/ddl/trg/files_biu.trg
2015-11-13 12:08:16,779 INFO "/home/jan/workspace/noora-sourceforge/noora/src/examples/register/create/apps/ddl/trg/files_biu.trg"

2015-11-13 12:08:16,846 INFO /home/jan/workspace/noora-sourceforge/noora/src/examples/register/create/apps/ddl/idx/file.sql
2015-11-13 12:08:16,847 INFO "/home/jan/workspace/noora-sourceforge/noora/src/examples/register/create/apps/ddl/idx/file.sql"

2015-11-13 12:08:16,894 INFO /home/jan/workspace/noora-sourceforge/noora/src/examples/register/create/apps/dat/version.sql
2015-11-13 12:08:16,895 INFO "/home/jan/workspace/noora-sourceforge/noora/src/examples/register/create/apps/dat/version.sql"

2015-11-13 12:08:16,941 INFO /home/jan/workspace/noora-sourceforge/noora/src/examples/register/create/apps/dat/dev/environment.sql
2015-11-13 12:08:16,941 INFO "/home/jan/workspace/noora-sourceforge/noora/src/examples/register/create/apps/dat/dev/environment.sql"

2015-11-13 12:08:16,985 INFO /home/jan/workspace/noora-sourceforge/noora/src/examples/register/create/apps/dat/dev/loglevel.sql
2015-11-13 12:08:16,985 INFO "/home/jan/workspace/noora-sourceforge/noora/src/examples/register/create/apps/dat/dev/loglevel.sql"

2015-11-13 12:08:17,034 INFO /home/jan/workspace/noora-sourceforge/noora/src/plugins/static/update/checkversion.sql
2015-11-13 12:08:17,034 INFO "/home/jan/workspace/noora-sourceforge/noora/src/plugins/static/update/checkversion.sql"
old  11:     &3
new  11:     select value into l_value from application_properties where name='application.version';
old  23:   if nvl(database_version,100)<>&expected_version then
new  23:   if nvl(database_version,100)<>to_char('1.0.0') then

2015-11-13 12:08:17,077 INFO /home/jan/workspace/noora-sourceforge/noora/src/plugins/static/update/checkenvironment.sql
2015-11-13 12:08:17,077 INFO "/home/jan/workspace/noora-sourceforge/noora/src/plugins/static/update/checkenvironment.sql"
old  11:     &3
new  11:     select value into l_value from application_properties where name='application.environment';
old  23:   if nvl(database_environment,'dev')<>'&expected_environment' then
new  23:   if nvl(database_environment,'dev')<>'dev' then

2015-11-13 12:08:17,149 INFO /home/jan/workspace/noora-sourceforge/noora/src/examples/register/alter/1.0.1/apps/ddl/tab/files.tab
2015-11-13 12:08:17,149 INFO "/home/jan/workspace/noora-sourceforge/noora/src/examples/register/alter/1.0.1/apps/ddl/tab/files.tab"

2015-11-13 12:08:17,215 INFO /home/jan/workspace/noora-sourceforge/noora/src/examples/register/alter/1.0.1/apps/ddl/tab/files_err.sql
2015-11-13 12:08:17,216 INFO "/home/jan/workspace/noora-sourceforge/noora/src/examples/register/alter/1.0.1/apps/ddl/tab/files_err.sql"

2015-11-13 12:08:17,310 INFO /home/jan/workspace/noora-sourceforge/noora/src/examples/register/alter/1.0.1/apps/ddl/pkg/register.pkb
2015-11-13 12:08:17,310 INFO "/home/jan/workspace/noora-sourceforge/noora/src/examples/register/alter/1.0.1/apps/ddl/pkg/register.pkb"

2015-11-13 12:08:17,358 INFO /home/jan/workspace/noora-sourceforge/noora/src/examples/register/alter/1.0.1/apps/dat/version.sql
2015-11-13 12:08:17,358 INFO "/home/jan/workspace/noora-sourceforge/noora/src/examples/register/alter/1.0.1/apps/dat/version.sql"

2015-11-13 12:08:17,405 INFO /home/jan/workspace/noora-sourceforge/noora/src/plugins/static/update/checkversion.sql
2015-11-13 12:08:17,405 INFO "/home/jan/workspace/noora-sourceforge/noora/src/plugins/static/update/checkversion.sql"
old  11:     &3
new  11:     select value into l_value from application_properties where name='application.version';
old  23:   if nvl(database_version,100)<>&expected_version then
new  23:   if nvl(database_version,100)<>to_char('1.0.1') then

2015-11-13 12:08:17,444 INFO /home/jan/workspace/noora-sourceforge/noora/src/plugins/static/update/checkenvironment.sql
2015-11-13 12:08:17,444 INFO "/home/jan/workspace/noora-sourceforge/noora/src/plugins/static/update/checkenvironment.sql"
old  11:     &3
new  11:     select value into l_value from application_properties where name='application.environment';
old  23:   if nvl(database_environment,'dev')<>'&expected_environment' then
new  23:   if nvl(database_environment,'dev')<>'dev' then

2015-11-13 12:08:17,517 INFO /home/jan/workspace/noora-sourceforge/noora/src/examples/register/alter/1.0.2/apps/ddl/pkg/register.pkb
2015-11-13 12:08:17,517 INFO "/home/jan/workspace/noora-sourceforge/noora/src/examples/register/alter/1.0.2/apps/ddl/pkg/register.pkb"

2015-11-13 12:08:17,561 INFO /home/jan/workspace/noora-sourceforge/noora/src/examples/register/alter/1.0.2/apps/dat/version.sql
2015-11-13 12:08:17,561 INFO "/home/jan/workspace/noora-sourceforge/noora/src/examples/register/alter/1.0.2/apps/dat/version.sql"

2015-11-13 12:08:17,698 INFO /home/jan/workspace/noora-sourceforge/noora/src/scripts/recompile.sql
2015-11-13 12:08:17,698 INFO "/home/jan/workspace/noora-sourceforge/noora/src/scripts/recompile.sql"

2015-11-23 17:39:42,751 INFO /home/jan/workspace/noora-sourceforge/noora/src/plugins/static/drop/scm/drop_schemas.sql
2015-11-23 17:39:42,752 INFO "/home/jan/workspace/noora-sourceforge/noora/src/plugins/static/drop/scm/drop_schemas.sql"

2015-11-23 17:39:42,833 INFO /home/jan/workspace/noora-sourceforge/noora/src/plugins/static/drop/vw/drop_views.sql
2015-11-23 17:39:42,833 INFO "/home/jan/workspace/noora-sourceforge/noora/src/plugins/static/drop/vw/drop_views.sql"

2015-11-23 17:39:42,922 INFO /home/jan/workspace/noora-sourceforge/noora/src/plugins/static/drop/syn/drop_synonyms.sql
2015-11-23 17:39:42,922 INFO "/home/jan/workspace/noora-sourceforge/noora/src/plugins/static/drop/syn/drop_synonyms.sql"

2015-11-23 17:39:43,049 INFO /home/jan/workspace/noora-sourceforge/noora/src/plugins/static/drop/trg/drop_triggers.sql
2015-11-23 17:39:43,049 INFO "/home/jan/workspace/noora-sourceforge/noora/src/plugins/static/drop/trg/drop_triggers.sql"
DROP TRIGGER "APPLICATION_PROPERTIES_BIU"                                       
DROP TRIGGER "LOG_BIU"                                                          
DROP TRIGGER "FILES_BIU"                                                        

2015-11-23 17:39:43,127 INFO /home/jan/workspace/noora-sourceforge/noora/src/plugins/static/drop/typ/drop_types.sql
2015-11-23 17:39:43,127 INFO "/home/jan/workspace/noora-sourceforge/noora/src/plugins/static/drop/typ/drop_types.sql"

2015-11-23 17:39:43,805 INFO /home/jan/workspace/noora-sourceforge/noora/src/plugins/static/drop/tab/drop_tables.sql
2015-11-23 17:39:43,805 INFO "/home/jan/workspace/noora-sourceforge/noora/src/plugins/static/drop/tab/drop_tables.sql"
DROP TABLE "LOG" cascade constraints purge                                      
DROP TABLE "FILES_ERR" cascade constraints purge                                
DROP TABLE "FILES" cascade constraints purge                                    
DROP TABLE "APPLICATION_PROPERTIES" cascade constraints purge                   

2015-11-23 17:39:43,884 INFO /home/jan/workspace/noora-sourceforge/noora/src/plugins/static/drop/prc/drop_procedures.sql
2015-11-23 17:39:43,884 INFO "/home/jan/workspace/noora-sourceforge/noora/src/plugins/static/drop/prc/drop_procedures.sql"

2015-11-23 17:39:43,964 INFO /home/jan/workspace/noora-sourceforge/noora/src/plugins/static/drop/fct/drop_functions.sql
2015-11-23 17:39:43,964 INFO "/home/jan/workspace/noora-sourceforge/noora/src/plugins/static/drop/fct/drop_functions.sql"

2015-11-23 17:39:44,147 INFO /home/jan/workspace/noora-sourceforge/noora/src/plugins/static/drop/pkg/drop_packages.sql
2015-11-23 17:39:44,147 INFO "/home/jan/workspace/noora-sourceforge/noora/src/plugins/static/drop/pkg/drop_packages.sql"

2015-11-23 17:39:44,242 INFO /home/jan/workspace/noora-sourceforge/noora/src/plugins/static/drop/jar/drop_jars.sql
2015-11-23 17:39:44,242 INFO "/home/jan/workspace/noora-sourceforge/noora/src/plugins/static/drop/jar/drop_jars.sql"

2015-11-23 17:39:44,344 INFO /home/jan/workspace/noora-sourceforge/noora/src/plugins/static/drop/seq/drop_sequences.sql
2015-11-23 17:39:44,345 INFO "/home/jan/workspace/noora-sourceforge/noora/src/plugins/static/drop/seq/drop_sequences.sql"

2015-11-23 17:39:44,545 INFO /home/jan/workspace/noora-sourceforge/noora/src/plugins/static/drop/idx/drop_indexes.sql
2015-11-23 17:39:44,545 INFO "/home/jan/workspace/noora-sourceforge/noora/src/plugins/static/drop/idx/drop_indexes.sql"

2015-11-23 17:39:44,619 INFO /home/jan/workspace/noora-sourceforge/noora/src/plugins/static/drop/dbl/drop_database_links.sql
2015-11-23 17:39:44,619 INFO "/home/jan/workspace/noora-sourceforge/noora/src/plugins/static/drop/dbl/drop_database_links.sql"

2015-11-23 17:39:46,086 INFO /home/jan/workspace/noora-sourceforge/noora/src/examples/register/create/apps/ddl/seq/files_s.sql
2015-11-23 17:39:46,087 INFO "/home/jan/workspace/noora-sourceforge/noora/src/examples/register/create/apps/ddl/seq/files_s.sql"

2015-11-23 17:39:46,257 INFO /home/jan/workspace/noora-sourceforge/noora/src/examples/register/create/apps/ddl/tab/files.tab
2015-11-23 17:39:46,257 INFO "/home/jan/workspace/noora-sourceforge/noora/src/examples/register/create/apps/ddl/tab/files.tab"

2015-11-23 17:39:46,333 INFO /home/jan/workspace/noora-sourceforge/noora/src/examples/register/create/apps/ddl/tab/files_err.sql
2015-11-23 17:39:46,334 INFO "/home/jan/workspace/noora-sourceforge/noora/src/examples/register/create/apps/ddl/tab/files_err.sql"

2015-11-23 17:39:46,396 INFO /home/jan/workspace/noora-sourceforge/noora/src/examples/register/create/apps/ddl/pkg/register.pkb
2015-11-23 17:39:46,396 INFO "/home/jan/workspace/noora-sourceforge/noora/src/examples/register/create/apps/ddl/pkg/register.pkb"

Warning: Package Body created with compilation errors.


2015-11-23 17:39:46,456 INFO /home/jan/workspace/noora-sourceforge/noora/src/examples/register/create/apps/ddl/pkg/register.pkh
2015-11-23 17:39:46,456 INFO "/home/jan/workspace/noora-sourceforge/noora/src/examples/register/create/apps/ddl/pkg/register.pkh"

2015-11-23 17:39:46,517 INFO /home/jan/workspace/noora-sourceforge/noora/src/examples/register/create/apps/ddl/trg/files_biu.trg
2015-11-23 17:39:46,518 INFO "/home/jan/workspace/noora-sourceforge/noora/src/examples/register/create/apps/ddl/trg/files_biu.trg"

2015-11-23 17:39:46,600 INFO /home/jan/workspace/noora-sourceforge/noora/src/examples/register/create/apps/ddl/idx/file.sql
2015-11-23 17:39:46,600 INFO "/home/jan/workspace/noora-sourceforge/noora/src/examples/register/create/apps/ddl/idx/file.sql"

2015-11-23 17:39:46,656 INFO /home/jan/workspace/noora-sourceforge/noora/src/examples/register/create/apps/dat/version.sql
2015-11-23 17:39:46,656 INFO "/home/jan/workspace/noora-sourceforge/noora/src/examples/register/create/apps/dat/version.sql"

2015-11-23 17:39:46,718 INFO /home/jan/workspace/noora-sourceforge/noora/src/examples/register/create/apps/dat/dev/environment.sql
2015-11-23 17:39:46,718 INFO "/home/jan/workspace/noora-sourceforge/noora/src/examples/register/create/apps/dat/dev/environment.sql"

2015-11-23 17:39:46,774 INFO /home/jan/workspace/noora-sourceforge/noora/src/examples/register/create/apps/dat/dev/loglevel.sql
2015-11-23 17:39:46,774 INFO "/home/jan/workspace/noora-sourceforge/noora/src/examples/register/create/apps/dat/dev/loglevel.sql"

2015-11-23 17:39:46,831 INFO /home/jan/workspace/noora-sourceforge/noora/src/plugins/static/update/checkversion.sql
2015-11-23 17:39:46,831 INFO "/home/jan/workspace/noora-sourceforge/noora/src/plugins/static/update/checkversion.sql"
old  11:     &3
new  11:     select value into l_value from application_properties where name='application.version';
old  23:   if nvl(database_version,100)<>&expected_version then
new  23:   if nvl(database_version,100)<>to_char('1.0.0') then

2015-11-23 17:39:46,879 INFO /home/jan/workspace/noora-sourceforge/noora/src/plugins/static/update/checkenvironment.sql
2015-11-23 17:39:46,879 INFO "/home/jan/workspace/noora-sourceforge/noora/src/plugins/static/update/checkenvironment.sql"
old  11:     &3
new  11:     select value into l_value from application_properties where name='application.environment';
old  23:   if nvl(database_environment,'dev')<>'&expected_environment' then
new  23:   if nvl(database_environment,'dev')<>'dev' then

2015-11-23 17:39:46,970 INFO /home/jan/workspace/noora-sourceforge/noora/src/examples/register/alter/1.0.1/apps/ddl/tab/files.tab
2015-11-23 17:39:46,970 INFO "/home/jan/workspace/noora-sourceforge/noora/src/examples/register/alter/1.0.1/apps/ddl/tab/files.tab"

2015-11-23 17:39:47,035 INFO /home/jan/workspace/noora-sourceforge/noora/src/examples/register/alter/1.0.1/apps/ddl/tab/files_err.sql
2015-11-23 17:39:47,035 INFO "/home/jan/workspace/noora-sourceforge/noora/src/examples/register/alter/1.0.1/apps/ddl/tab/files_err.sql"

2015-11-23 17:39:47,144 INFO /home/jan/workspace/noora-sourceforge/noora/src/examples/register/alter/1.0.1/apps/ddl/pkg/register.pkb
2015-11-23 17:39:47,144 INFO "/home/jan/workspace/noora-sourceforge/noora/src/examples/register/alter/1.0.1/apps/ddl/pkg/register.pkb"

2015-11-23 17:39:47,197 INFO /home/jan/workspace/noora-sourceforge/noora/src/examples/register/alter/1.0.1/apps/dat/version.sql
2015-11-23 17:39:47,198 INFO "/home/jan/workspace/noora-sourceforge/noora/src/examples/register/alter/1.0.1/apps/dat/version.sql"

2015-11-23 17:39:47,245 INFO /home/jan/workspace/noora-sourceforge/noora/src/plugins/static/update/checkversion.sql
2015-11-23 17:39:47,245 INFO "/home/jan/workspace/noora-sourceforge/noora/src/plugins/static/update/checkversion.sql"
old  11:     &3
new  11:     select value into l_value from application_properties where name='application.version';
old  23:   if nvl(database_version,100)<>&expected_version then
new  23:   if nvl(database_version,100)<>to_char('1.0.1') then

2015-11-23 17:39:47,286 INFO /home/jan/workspace/noora-sourceforge/noora/src/plugins/static/update/checkenvironment.sql
2015-11-23 17:39:47,286 INFO "/home/jan/workspace/noora-sourceforge/noora/src/plugins/static/update/checkenvironment.sql"
old  11:     &3
new  11:     select value into l_value from application_properties where name='application.environment';
old  23:   if nvl(database_environment,'dev')<>'&expected_environment' then
new  23:   if nvl(database_environment,'dev')<>'dev' then

2015-11-23 17:39:47,357 INFO /home/jan/workspace/noora-sourceforge/noora/src/examples/register/alter/1.0.2/apps/ddl/pkg/register.pkb
2015-11-23 17:39:47,357 INFO "/home/jan/workspace/noora-sourceforge/noora/src/examples/register/alter/1.0.2/apps/ddl/pkg/register.pkb"

Warning: Package Body created with compilation errors.


2015-11-23 17:39:47,431 INFO /home/jan/workspace/noora-sourceforge/noora/src/examples/register/alter/1.0.2/apps/ddl/pkg/register.pkh
2015-11-23 17:39:47,431 INFO "/home/jan/workspace/noora-sourceforge/noora/src/examples/register/alter/1.0.2/apps/ddl/pkg/register.pkh"

2015-11-23 17:39:47,489 INFO /home/jan/workspace/noora-sourceforge/noora/src/examples/register/alter/1.0.2/apps/dat/version.sql
2015-11-23 17:39:47,490 INFO "/home/jan/workspace/noora-sourceforge/noora/src/examples/register/alter/1.0.2/apps/dat/version.sql"

2015-11-23 17:39:47,667 INFO /home/jan/workspace/noora-sourceforge/noora/src/scripts/recompile.sql
2015-11-23 17:39:47,667 INFO "/home/jan/workspace/noora-sourceforge/noora/src/scripts/recompile.sql"

